<?xml version="1.0" encoding="UTF-8"?>
<testng-results ignored="0" total="1" passed="1" failed="0" skipped="0">
  <reporter-output>
    <line>
      <![CDATA[Navigating to Login Page]]>
    </line>
    <line>
      <![CDATA[Email Address entered: pduggal1999@hotmail.com]]>
    </line>
    <line>
      <![CDATA[Next button clicked]]>
    </line>
    <line>
      <![CDATA[Password Entered: unahbduggal11]]>
    </line>
    <line>
      <![CDATA[Sign In button clicked]]>
    </line>
    <line>
      <![CDATA[Checkbox clicked]]>
    </line>
    <line>
      <![CDATA[Button Clicked]]>
    </line>
    <line>
      <![CDATA[Successfully Navigated to Account Page!!]]>
    </line>
  </reporter-output>
  <suite started-at="2022-01-31T20:26:10 IST" name="Suite" finished-at="2022-01-31T20:26:33 IST" duration-ms="23416">
    <groups>
    </groups>
    <test started-at="2022-01-31T20:26:10 IST" name="Test_Chrome" finished-at="2022-01-31T20:26:33 IST" duration-ms="23416">
      <class name="com.email.outlook.tc.TC_Mails">
        <test-method signature="unreadmails(java.lang.String,java.lang.String)[pri:0, instance:com.email.outlook.tc.TC_Mails@6bedbc4d]" started-at="2022-01-31T20:26:10 IST" name="unreadmails" finished-at="2022-01-31T20:26:33 IST" duration-ms="23326" status="PASS">
          <params>
            <param index="0">
              <value>
                <![CDATA[chrome]]>
              </value>
            </param>
            <param index="1">
              <value>
                <![CDATA[https://outlook.live.com]]>
              </value>
            </param>
          </params>
          <reporter-output>
            <line>
              <![CDATA[Navigating to Login Page]]>
            </line>
            <line>
              <![CDATA[Email Address entered: pduggal1999@hotmail.com]]>
            </line>
            <line>
              <![CDATA[Next button clicked]]>
            </line>
            <line>
              <![CDATA[Password Entered: unahbduggal11]]>
            </line>
            <line>
              <![CDATA[Sign In button clicked]]>
            </line>
            <line>
              <![CDATA[Checkbox clicked]]>
            </line>
            <line>
              <![CDATA[Button Clicked]]>
            </line>
            <line>
              <![CDATA[Successfully Navigated to Account Page!!]]>
            </line>
          </reporter-output>
        </test-method> <!-- unreadmails -->
      </class> <!-- com.email.outlook.tc.TC_Mails -->
    </test> <!-- Test_Chrome -->
  </suite> <!-- Suite -->
</testng-results>
